0 info it worked if it ends with ok
1 verbose cli [ 'C:\\Program Files\\nodejs\\node.exe',
1 verbose cli   'C:\\Program Files\\nodejs\\node_modules\\npm\\bin\\npm-cli.js',
1 verbose cli   'run',
1 verbose cli   'compile-b' ]
2 info using npm@3.10.3
3 info using node@v6.3.0
4 verbose run-script [ 'precompile-b', 'compile-b', 'postcompile-b' ]
5 info lifecycle @~precompile-b: @
6 silly lifecycle @~precompile-b: no script for precompile-b, continuing
7 info lifecycle @~compile-b: @
8 verbose lifecycle @~compile-b: unsafe-perm in lifecycle true
9 verbose lifecycle @~compile-b: PATH: C:\Program Files\nodejs\node_modules\npm\bin\node-gyp-bin;C:\Users\srgg6701\Documents\Projects\JS\miscellanous\scripts\jade\node_modules\.bin;C:\Program Files\nodejs;C:\Users\srgg6701\bin;D:\Software\Git\mingw64\bin;D:\Software\Git\usr\local\bin;D:\Software\Git\usr\bin;D:\Software\Git\usr\bin;D:\Software\Git\mingw64\bin;D:\Software\Git\usr\bin;C:\Users\srgg6701\bin;C:\ProgramData\Oracle\Java\javapath;C:\Program Files (x86)\NVIDIA Corporation\PhysX\Common;C:\WINDOWS\system32;C:\WINDOWS;C:\WINDOWS\System32\Wbem;C:\WINDOWS\System32\WindowsPowerShell\v1.0;C:\Program Files (x86)\Skype\Phone;C:\Program Files (x86)\GitExtensions;C:\Program Files\TortoiseGit\bin;C:\Program Files\nodejs;D:\EasyPHP-DevServer-14.1VC11\binaries\php\php_runningversion;D:\Software\Git\cmd;C:\Ruby22\bin;C:\Users\srgg6701\AppData\Roaming\npm;C:\Users\srgg6701\AppData\Local\Microsoft\WindowsApps;D:\Software\Docker Toolbox;D:\Software\Microsoft VS Code\bin;D:\Software\Git\usr\bin\vendor_perl;D:\Software\Git\usr\bin\core_perl
10 verbose lifecycle @~compile-b: CWD: C:\Users\srgg6701\Documents\Projects\JS\miscellanous\scripts\jade
11 silly lifecycle @~compile-b: Args: [ '/d /s /c',
11 silly lifecycle   'browserify js/default-browserify.js -o bundle.js' ]
12 silly lifecycle @~compile-b: Returned: code: 1  signal: null
13 info lifecycle @~compile-b: Failed to exec compile-b script
14 verbose stack Error: @ compile-b: `browserify js/default-browserify.js -o bundle.js`
14 verbose stack Exit status 1
14 verbose stack     at EventEmitter.<anonymous> (C:\Program Files\nodejs\node_modules\npm\lib\utils\lifecycle.js:242:16)
14 verbose stack     at emitTwo (events.js:106:13)
14 verbose stack     at EventEmitter.emit (events.js:191:7)
14 verbose stack     at ChildProcess.<anonymous> (C:\Program Files\nodejs\node_modules\npm\lib\utils\spawn.js:40:14)
14 verbose stack     at emitTwo (events.js:106:13)
14 verbose stack     at ChildProcess.emit (events.js:191:7)
14 verbose stack     at maybeClose (internal/child_process.js:852:16)
14 verbose stack     at Process.ChildProcess._handle.onexit (internal/child_process.js:215:5)
15 verbose pkgid @
16 verbose cwd C:\Users\srgg6701\Documents\Projects\JS\miscellanous\scripts\jade
17 error Windows_NT 10.0.14393
18 error argv "C:\\Program Files\\nodejs\\node.exe" "C:\\Program Files\\nodejs\\node_modules\\npm\\bin\\npm-cli.js" "run" "compile-b"
19 error node v6.3.0
20 error npm  v3.10.3
21 error code ELIFECYCLE
22 error @ compile-b: `browserify js/default-browserify.js -o bundle.js`
22 error Exit status 1
23 error Failed at the @ compile-b script 'browserify js/default-browserify.js -o bundle.js'.
23 error Make sure you have the latest version of node.js and npm installed.
23 error If you do, this is most likely a problem with the  package,
23 error not with npm itself.
23 error Tell the author that this fails on your system:
23 error     browserify js/default-browserify.js -o bundle.js
23 error You can get information on how to open an issue for this project with:
23 error     npm bugs
23 error Or if that isn't available, you can get their info via:
23 error     npm owner ls
23 error There is likely additional logging output above.
24 verbose exit [ 1, true ]
